<?xml version="1.0" encoding="UTF-8"?>
<testng-results ignored="0" total="1" passed="1" failed="0" skipped="0">
  <reporter-output>
  </reporter-output>
  <suite started-at="2022-07-14T20:38:53 IST" name="Default suite" finished-at="2022-07-14T20:39:08 IST" duration-ms="15446">
    <groups>
    </groups>
    <test started-at="2022-07-14T20:38:53 IST" name="Default test" finished-at="2022-07-14T20:39:08 IST" duration-ms="15446">
      <class name="testCases.LoginTest">
        <test-method is-config="true" signature="initial()[pri:0, instance:testCases.LoginTest@1040be71]" started-at="2022-07-14T20:38:53 IST" name="initial" finished-at="2022-07-14T20:39:04 IST" duration-ms="10927" status="PASS">
          <reporter-output>
          </reporter-output>
        </test-method> <!-- initial -->
        <test-method signature="loginSuccess()[pri:0, instance:testCases.LoginTest@1040be71]" started-at="2022-07-14T20:39:04 IST" name="loginSuccess" finished-at="2022-07-14T20:39:07 IST" duration-ms="3391" status="PASS">
          <reporter-output>
          </reporter-output>
        </test-method> <!-- loginSuccess -->
        <test-method is-config="true" signature="close()[pri:0, instance:testCases.LoginTest@1040be71]" started-at="2022-07-14T20:39:07 IST" name="close" finished-at="2022-07-14T20:39:08 IST" duration-ms="1034" status="PASS">
          <reporter-output>
          </reporter-output>
        </test-method> <!-- close -->
      </class> <!-- testCases.LoginTest -->
    </test> <!-- Default test -->
  </suite> <!-- Default suite -->
</testng-results>
