<?xml version="1.0" encoding="UTF-8"?>
<testng-results ignored="0" total="1" passed="1" failed="0" skipped="0">
  <reporter-output>
  </reporter-output>
  <suite started-at="2022-07-14T19:52:29 IST" name="Default suite" finished-at="2022-07-14T19:52:52 IST" duration-ms="22666">
    <groups>
    </groups>
    <test started-at="2022-07-14T19:52:29 IST" name="Default test" finished-at="2022-07-14T19:52:52 IST" duration-ms="22666">
      <class name="testCases.LoginTest">
        <test-method is-config="true" signature="initial()[pri:0, instance:testCases.LoginTest@35841320]" started-at="2022-07-14T19:52:29 IST" name="initial" finished-at="2022-07-14T19:52:50 IST" duration-ms="20377" status="PASS">
          <reporter-output>
          </reporter-output>
        </test-method> <!-- initial -->
        <test-method signature="loginSuccess()[pri:0, instance:testCases.LoginTest@35841320]" started-at="2022-07-14T19:52:50 IST" name="loginSuccess" finished-at="2022-07-14T19:52:52 IST" duration-ms="2110" status="PASS">
          <reporter-output>
          </reporter-output>
        </test-method> <!-- loginSuccess -->
      </class> <!-- testCases.LoginTest -->
    </test> <!-- Default test -->
  </suite> <!-- Default suite -->
</testng-results>
